iMPACT Version: 14.7

iMPACT log file Started on Wed Jun 10 16:43:43 2015

Welcome to iMPACT
iMPACT Version: 14.7
Project:/user/1/.base/chatouik/home/Projet_specialite/PrjSpe/zybo_cam/wk_cam/cam_config//auto_project.ipf created.
// *** BATCH CMD : setMode -bs
GUI --- Auto connect to cable...
// *** BATCH CMD : setCable -port auto
INFO:iMPACT - Digilent Plugin: Plugin Version: 2.4.4
INFO:iMPACT - Digilent Plugin: found 1 device(s).
INFO:iMPACT - Digilent Plugin: opening device: "Zybo", SN:210279573061
INFO:iMPACT - Digilent Plugin: User Name: Zybo
INFO:iMPACT - Digilent Plugin: Product Name: Digilent Zybo
INFO:iMPACT - Digilent Plugin: Serial Number: 210279573061
INFO:iMPACT - Digilent Plugin: Product ID: 01500157
INFO:iMPACT - Digilent Plugin: Firmware Version: 0108
INFO:iMPACT - Digilent Plugin: JTAG Port Number: 0
INFO:iMPACT - Digilent Plugin: JTAG Clock Frequency: 10000000 Hz
Attempting to identify devices in the boundary-scan chain configuration...
INFO:iMPACT - Current time: 10/06/15 16:43
// *** BATCH CMD : Identify -inferir 
PROGRESS_START - Starting Operation.
Identifying chain contents...'0': : Manufacturer's ID = Xilinx xc7z010, Version : 1
INFO:iMPACT:1777 - 
   Reading /Xilinx/14.7/ISE_DS/ISE/zynq/data/xc7z010.bsd...
INFO:iMPACT - Using CseAdapterBSDevice
INFO:iMPACT:501 - '1': Added Device xc7z010 successfully.
----------------------------------------------------------------------
'1': : Manufacturer's ID = Xilinx zynq7000_arm_dap, Version : 4
INFO:iMPACT:501 - '1': Added Device UNKNOWN successfully.
----------------------------------------------------------------------
INFO:iMPACT:1777 - 
   Reading /Xilinx/14.7/ISE_DS/ISE/zynq/data/zynq7000_arm_dap.bsd...
----------------------------------------------------------------------
done.
PROGRESS_END - End Operation.
Elapsed time =      0 sec.
// *** BATCH CMD : identifyMPM 
Project:'/user/1/.base/chatouik/home/Projet_specialite/PrjSpe/zybo_cam/wk_cam/cam_config//auto_project.ipf' created.
// *** BATCH CMD : setMode -bs
// *** BATCH CMD : setMode -ss
// *** BATCH CMD : setMode -sm
// *** BATCH CMD : setMode -hw140
// *** BATCH CMD : setMode -spi
// *** BATCH CMD : setMode -acecf
// *** BATCH CMD : setMode -acempm
// *** BATCH CMD : setMode -pff
// *** BATCH CMD : setMode -bs
// *** BATCH CMD : saveProjectFile -file"/user/1/.base/chatouik/home/Projet_specialite/PrjSpe/zybo_cam/wk_cam/cam_config//auto_project.ipf"
INFO:iMPACT - User_EnvOsname: 'CentOS'
INFO:iMPACT - User_EnvOsrelease: 'CentOS release 6.6 (Final)'
// *** BATCH CMD : setMode -bs
INFO:iMPACT - Launching WebTalk, please refer to the webtalk log at   /user/1/.base/chatouik/home/Projet_specialite/PrjSpe/zybo_cam/wk_cam/cam_conf   ig/webtalk.log for details.
INFO:iMPACT - Running wbtc successfully.
// *** BATCH CMD : setMode -bs
// *** BATCH CMD : deleteDevice -position 1
----------------------------------------------------------------------
// *** BATCH CMD : deleteDevice -position 1
// *** BATCH CMD : setMode -bs
// *** BATCH CMD : setMode -ss
// *** BATCH CMD : setMode -sm
// *** BATCH CMD : setMode -hw140
// *** BATCH CMD : setMode -spi
// *** BATCH CMD : setMode -acecf
// *** BATCH CMD : setMode -acempm
// *** BATCH CMD : setMode -pff
