Welcome to Xilinx CORE Generator.
Help system initialized.
The IP Catalog has been reloaded.
Wrote CGP file for project 'coregen'.
Customize and GenerateINFO:sim:172 - Generating IP...
Applying current project options...
Finished applying current project options.
Resolving generics for 'blk_mem_gen_v7_3'...
Applying external generics to 'blk_mem_gen_v7_3'...
Delivering associated files for 'blk_mem_gen_v7_3'...
Delivering EJava files for 'blk_mem_gen_v7_3'...
Generating implementation netlist for 'blk_mem_gen_v7_3'...
INFO:sim - Pre-processing HDL files for 'blk_mem_gen_v7_3'...
Running synthesis for 'blk_mem_gen_v7_3'
Running ngcbuild...
Writing VHO instantiation template for 'blk_mem_gen_v7_3'...
Writing VHDL behavioral simulation model for 'blk_mem_gen_v7_3'...
WARNING:sim - Overwriting existing file
   /user/1/.base/chatouik/home/Projet_specialite/PrjSpe/zybo_cam/zybo_cam_ise/zy
   bo_cam/ipcore_dir/tmp/_cg/blk_mem_gen_v7_3/doc/blk_mem_gen_v7_3_vinfo.html
   with file from view xilinx_documentation
Delivered 1 file into directory
/user/1/.base/chatouik/home/Projet_specialite/PrjSpe/zybo_cam/zybo_cam_ise/zybo_
cam/ipcore_dir/tmp/_cg/blk_mem_gen_v7_3
Generating ASY schematic symbol...
INFO:sim:949 - Finished generation of ASY schematic symbol.
Generating metadata file...
Generating ISE project file for 'blk_mem_gen_v7_3'...
Generating ISE project...
XCO file found: blk_mem_gen_v7_3.xco
XMDF file found: blk_mem_gen_v7_3_xmdf.tcl
Adding
/user/1/.base/chatouik/home/Projet_specialite/PrjSpe/zybo_cam/zybo_cam_ise/zybo_
cam/ipcore_dir/tmp/_cg/blk_mem_gen_v7_3.asy -view all -origin_type imported
Adding
/user/1/.base/chatouik/home/Projet_specialite/PrjSpe/zybo_cam/zybo_cam_ise/zybo_
cam/ipcore_dir/tmp/_cg/blk_mem_gen_v7_3.ngc -view all -origin_type created
Checking file
"/user/1/.base/chatouik/home/Projet_specialite/PrjSpe/zybo_cam/zybo_cam_ise/zybo
_cam/ipcore_dir/tmp/_cg/blk_mem_gen_v7_3.ngc" for project device match ...
File
"/user/1/.base/chatouik/home/Projet_specialite/PrjSpe/zybo_cam/zybo_cam_ise/zybo
_cam/ipcore_dir/tmp/_cg/blk_mem_gen_v7_3.ngc" device information matches project
device.
Adding
/user/1/.base/chatouik/home/Projet_specialite/PrjSpe/zybo_cam/zybo_cam_ise/zybo_
cam/ipcore_dir/tmp/_cg/blk_mem_gen_v7_3.vhd -view all -origin_type created
INFO:HDLCompiler:1061 - Parsing VHDL file
   "/user/1/.base/chatouik/home/Projet_specialite/PrjSpe/zybo_cam/zybo_cam_ise/z
   ybo_cam/ipcore_dir/tmp/_cg/blk_mem_gen_v7_3.vhd" into library work
INFO:ProjectMgmt - Parsing design hierarchy completed successfully.
Adding
/user/1/.base/chatouik/home/Projet_specialite/PrjSpe/zybo_cam/zybo_cam_ise/zybo_
cam/ipcore_dir/tmp/_cg/blk_mem_gen_v7_3.vho -view all -origin_type imported
INFO:TclTasksC:2116 - The automatic calculation of top has been turned-off.
   Please set the new top explicitly by running the "project set top" command.
   To re-calculate the new top automatically, set the "Auto Implementation Top"
   property to true.
Top level has been set to "/blk_mem_gen_v7_3"
Generating README file...
Generating FLIST file...
INFO:sim:948 - Finished FLIST file generation.
Launching README viewer...
Moving files to output directory...
Finished moving files to output directory
Saved CGP file for project 'coregen'.
Recustomize and Generate (Under Original Project Settings)INFO:sim:172 - Generating IP...
Cancelled executing Tcl generator.
Closed project file.
